<?xml version="1.0" encoding="UTF-8"?>
<testng-results ignored="0" total="2" passed="2" failed="0" skipped="0">
  <reporter-output>
  </reporter-output>
  <suite started-at="2023-06-17T17:50:23 IST" name="Default suite" finished-at="2023-06-17T17:50:58 IST" duration-ms="34673">
    <groups>
    </groups>
    <test started-at="2023-06-17T17:50:23 IST" name="Default test" finished-at="2023-06-17T17:50:58 IST" duration-ms="34673">
      <class name="testss.Ecommerceappl">
        <test-method is-config="true" signature="loginIn()[pri:0, instance:testss.Ecommerceappl@1d9b7cce]" started-at="2023-06-17T17:50:23 IST" name="loginIn" finished-at="2023-06-17T17:50:42 IST" duration-ms="19025" status="PASS">
          <reporter-output>
          </reporter-output>
        </test-method> <!-- loginIn -->
        <test-method signature="demo()[pri:0, instance:testss.Ecommerceappl@1d9b7cce]" started-at="2023-06-17T17:50:42 IST" name="demo" finished-at="2023-06-17T17:50:47 IST" duration-ms="5316" status="PASS">
          <reporter-output>
          </reporter-output>
        </test-method> <!-- demo -->
        <test-method is-config="true" signature="loginIn()[pri:0, instance:testss.Ecommerceappl@1d9b7cce]" started-at="2023-06-17T17:50:47 IST" name="loginIn" finished-at="2023-06-17T17:50:56 IST" duration-ms="8635" status="PASS">
          <reporter-output>
          </reporter-output>
        </test-method> <!-- loginIn -->
        <test-method signature="ceckorders()[pri:0, instance:testss.Ecommerceappl@1d9b7cce]" started-at="2023-06-17T17:50:56 IST" name="ceckorders" finished-at="2023-06-17T17:50:58 IST" depends-on-methods="testss.Ecommerceappl.demo" duration-ms="1619" status="PASS">
          <reporter-output>
          </reporter-output>
        </test-method> <!-- ceckorders -->
      </class> <!-- testss.Ecommerceappl -->
    </test> <!-- Default test -->
  </suite> <!-- Default suite -->
</testng-results>
